--- Startup times for process: Primary/TUI ---

times in msec
 clock   self+sourced   self:  sourced script
 clock   elapsed:              other lines

000.004  000.004: --- NVIM STARTING ---
000.061  000.057: event init
000.183  000.122: early init
020.158  019.975: locale set
020.208  000.050: init first window
020.812  000.604: inits 1
020.940  000.128: window checked
020.950  000.010: parsing arguments
021.984  000.349  000.349: require('vim.shared')
022.604  000.213  000.213: require('vim.inspect')
022.950  000.331  000.331: require('vim._options')
022.955  000.962  000.418: require('vim._editor')
022.958  001.424  000.112: require('vim._init_packages')
022.966  000.593: init lua interpreter
024.843  001.877: --- NVIM STARTED ---

--- Startup times for process: Embedded ---

times in msec
 clock   self+sourced   self:  sourced script
 clock   elapsed:              other lines

000.003  000.003: --- NVIM STARTING ---
000.051  000.048: event init
000.169  000.118: early init
020.243  020.073: locale set
020.278  000.035: init first window
020.667  000.389: inits 1
020.717  000.051: window checked
020.725  000.008: parsing arguments
021.679  000.324  000.324: require('vim.shared')
022.247  000.186  000.186: require('vim.inspect')
022.576  000.315  000.315: require('vim._options')
022.581  000.894  000.393: require('vim._editor')
022.584  001.321  000.103: require('vim._init_packages')
022.592  000.546: init lua interpreter
022.777  000.185: expanding arguments
022.801  000.024: inits 2
023.128  000.327: init highlight
023.131  000.003: waiting for UI
023.265  000.134: done waiting for UI
023.272  000.007: clear screen
023.593  000.041  000.041: require('vim.keymap')
025.014  000.939  000.939: require('vim.termcap')
025.140  000.109  000.109: require('vim.text')
037.466  014.190  013.101: require('vim._defaults')
037.473  000.011: init default mappings & autocommands
037.806  000.074  000.074: sourcing C:\Program Files\Neovim\share\nvim\runtime\ftplugin.vim
038.114  000.043  000.043: sourcing C:\Program Files\Neovim\share\nvim\runtime\indent.vim
039.575  000.855  000.855: require('configs.lazy')
039.738  000.157  000.157: require('lazy')
039.797  000.040  000.040: require('ffi')
040.272  000.239  000.239: require('vim.fs')
040.508  000.229  000.229: require('vim.uri')
040.525  000.724  000.257: require('vim.loader')
040.987  000.335  000.335: require('lazy.stats')
041.336  000.216  000.216: require('lazy.core.util')
041.606  000.264  000.264: require('lazy.core.config')
041.980  000.180  000.180: require('lazy.core.handler')
042.545  000.201  000.201: require('lazy.pkg')
042.553  000.387  000.186: require('lazy.core.meta')
042.559  000.574  000.187: require('lazy.core.plugin')
042.565  000.954  000.200: require('lazy.core.loader')
043.223  000.143  000.143: require('lazy.core.fragments')
044.204  000.197  000.197: require('configs.conform')
047.488  000.282  000.282: require('lazy.core.handler.event')
047.496  000.597  000.315: require('lazy.core.handler.ft')
047.651  000.149  000.149: require('lazy.core.handler.cmd')
047.808  000.151  000.151: require('lazy.core.handler.keys')
048.897  000.226  000.226: sourcing C:\Program Files\Neovim\share/nvim/runtime/filetype.lua
051.163  000.411  000.411: require('nvconfig')
051.349  000.173  000.173: require('nvchad.stl.utils')
051.552  000.187  000.187: require('nvchad.tabufline.lazyload')
051.561  001.825  001.055: require('nvchad')
052.193  000.146  000.146: sourcing C:\Program Files\Neovim\share/nvim/runtime/plugin/editorconfig.lua
052.515  000.130  000.130: sourcing C:\Program Files\Neovim\share/nvim/runtime/plugin/man.lua
052.885  000.179  000.179: sourcing C:\Program Files\Neovim\share/nvim/runtime/plugin/matchparen.vim
053.199  000.123  000.123: sourcing C:\Program Files\Neovim\share/nvim/runtime/plugin/osc52.lua
053.476  000.087  000.087: sourcing C:\Program Files\Neovim\share/nvim/runtime/plugin/shada.vim
053.716  000.032  000.032: sourcing C:\Program Files\Neovim\share/nvim/runtime/plugin/spellfile.vim
054.837  000.425  000.425: require('nvchad.options')
054.843  000.591  000.166: require('options')
055.059  000.213  000.213: require('nvchad.autocmds')
061.019  000.056  000.056: require('vim.F')
061.060  000.358  000.302: require('vim.diagnostic')
062.646  000.311  000.311: require('vim.lsp.log')
063.533  000.880  000.880: require('vim.lsp.protocol')
064.000  000.227  000.227: require('vim.lsp._snippet_grammar')
064.152  000.144  000.144: require('vim.highlight')
064.166  000.627  000.256: require('vim.lsp.util')
064.432  000.127  000.127: require('vim.lsp.sync')
064.440  000.270  000.143: require('vim.lsp._changetracking')
064.612  000.168  000.168: require('vim.lsp.rpc')
064.655  002.626  000.370: require('vim.lsp')
065.721  001.063  001.063: require('lspconfig.util')
065.748  003.872  000.184: sourcing C:/Users/Administrator/AppData/Local/nvim-data/lazy/nvim-lspconfig/plugin/lspconfig.lua
066.108  000.251  000.251: require('nvchad.configs.lspconfig')
066.346  000.169  000.169: require('nvchad.lsp')
066.801  000.140  000.140: require('lspconfig.async')
066.808  000.287  000.147: require('lspconfig.configs')
066.817  000.463  000.176: require('lspconfig')
066.977  000.151  000.151: require('lspconfig.configs.lua_ls')
068.178  000.162  000.162: require('lspconfig.manager')
068.187  007.087  002.018: require('lspconfig')
071.168  000.263  000.263: require('nvchad.configs.mason')
072.324  000.150  000.150: require('mason-core.path')
072.727  000.227  000.227: require('mason-core.functional')
073.067  000.143  000.143: require('mason-core.functional.data')
073.076  000.313  000.169: require('mason-core.functional.function')
073.245  000.148  000.148: require('mason-core.functional.relation')
073.402  000.148  000.148: require('mason-core.functional.logic')
073.416  001.086  000.251: require('mason-core.platform')
073.583  000.163  000.163: require('mason.settings')
073.588  002.414  001.015: require('mason')
074.093  000.195  000.195: require('mason-core.functional.list')
074.258  000.157  000.157: require('mason-core.functional.string')
074.287  000.570  000.218: require('mason.api.command')
074.505  000.211  000.211: require('mason-registry.sources')
075.250  000.349  000.349: require('mason-core.log')
075.256  000.557  000.209: require('mason-core.EventEmitter')
075.425  000.166  000.166: require('mason-core.optional')
075.777  000.173  000.173: require('mason-core.async')
075.911  000.128  000.128: require('mason-core.async.uv')
075.920  000.489  000.187: require('mason-core.fs')
075.938  007.748  003.078: require('mason-registry')
076.213  000.132  000.132: require('mason-core.result')
076.800  000.229  000.229: require('mason-core.process')
099.334  022.528  022.528: require('mason-core.spawn')
099.355  022.970  000.213: require('mason-core.managers.powershell')
099.527  000.167  000.167: require('mason.version')
099.534  023.315  000.177: require('mason-core.fetch')
099.723  000.185  000.185: require('mason-core.providers')
100.312  000.134  000.134: require('mason-core.functional.table')
100.352  000.319  000.185: require('mason-core.purl')
100.362  000.501  000.182: require('mason-core.package')
100.820  000.138  000.138: require('mason-core.installer.registry.expr')
100.831  000.292  000.154: require('mason-core.installer.registry.link')
101.676  000.166  000.166: require('mason-core.receipt')
101.696  000.349  000.183: require('mason-core.installer.context')
101.835  000.135  000.135: require('mason-core.async.control')
101.975  000.135  000.135: require('mason-core.installer.linker')
101.983  000.826  000.206: require('mason-core.installer')
101.995  000.998  000.172: require('mason-core.installer.managers.std')
101.998  001.165  000.167: require('mason-core.installer.registry.schemas')
102.134  000.133  000.133: require('mason-core.installer.registry.util')
102.151  001.786  000.196: require('mason-core.installer.registry')
102.156  002.427  000.140: require('mason-registry.sources.util')
102.164  026.223  000.164: require('mason-registry.sources.github')
106.076  000.168  000.168: require('mason-core.functional.type')
109.739  000.216  000.216: require('lspconfig.configs.omnisharp')
110.641  000.134  000.134: sourcing C:/Users/Administrator/AppData/Local/nvim-data/lazy/conform.nvim/plugin/conform.lua
111.961  001.196  001.196: require('conform')
111.983  002.029  000.699: require('conform')
112.141  000.150  000.150: require('conform.util')
112.300  000.143  000.143: require('conform.log')
112.328  073.876  021.421: sourcing C:\Users\Administrator\AppData\Local\nvim\init.lua
112.368  000.903: sourcing vimrc file(s)
113.073  000.122  000.122: sourcing C:\Program Files\Neovim\share\nvim\runtime\filetype.lua
114.148  000.090  000.090: sourcing C:\Program Files\Neovim\share\nvim\runtime\syntax\synload.vim
114.303  000.721  000.631: sourcing C:\Program Files\Neovim\share/nvim/runtime/syntax/syntax.vim
114.329  001.118: inits 3
116.255  001.926: reading ShaDa
116.442  000.187: opening buffers
116.490  000.048: BufEnter autocommands
116.497  000.007: editing files in windows
116.967  000.077  000.077: sourcing C:/Users/Administrator/AppData/Local/nvim-data/lazy/transparent.nvim/plugin/transparent.vim
118.318  000.139  000.139: require('transparent.config')
118.462  000.138  000.138: require('transparent.cache')
118.567  001.520  001.243: require('transparent')
118.858  000.764: VimEnter autocommands
118.947  000.089: UIEnter autocommands
120.246  000.139  000.139: sourcing C:\Program Files\Neovim\share\nvim\runtime\autoload\provider\clipboard.vim
120.263  001.177: before starting main loop
120.652  000.186  000.186: require('nvchad.stl.default')
120.813  000.364: first screen update
120.817  000.004: --- NVIM STARTED ---

